#
# There is insufficient memory for the Java Runtime Environment to continue.
# Native memory allocation (mmap) failed to map 100663296 bytes. Error detail: G1 virtual space
# Possible reasons:
#   The system is out of physical RAM or swap space
#   This process is running with CompressedOops enabled, and the Java Heap may be blocking the growth of the native heap
# Possible solutions:
#   Reduce memory load on the system
#   Increase physical memory or swap space
#   Check if swap backing store is full
#   Decrease Java heap size (-Xmx/-Xms)
#   Decrease number of Java threads
#   Decrease Java thread stack sizes (-Xss)
#   Set larger code cache with -XX:ReservedCodeCacheSize=
#   JVM is running with Unscaled Compressed Oops mode in which the Java heap is
#     placed in the first 4GB address space. The Java Heap base address is the
#     maximum limit for the native heap growth. Please use -XX:HeapBaseMinAddress
#     to set the Java Heap base and to place the Java Heap above 4GB virtual address.
# This output file may be truncated or incomplete.
#
#  Out of Memory Error (os_windows.cpp:3703), pid=6096, tid=2252
#
# JRE version:  (23.0.1+11) (build )
# Java VM: Java HotSpot(TM) 64-Bit Server VM (23.0.1+11-39, mixed mode, sharing, tiered, compressed oops, compressed class ptrs, g1 gc, windows-amd64)
# No core dump will be written. Minidumps are not enabled by default on client versions of Windows
#

---------------  S U M M A R Y ------------

Command Line: -Dfile.encoding=UTF-8 -Dstdout.encoding=UTF-8 -Dstderr.encoding=UTF-8 --module-path=C:\Users\fernanda\Documents\workspace-spring-tool-suite-4-4.27.0.RELEASE\loja\bin -XX:+ShowCodeDetailsInExceptionMessages -Djdk.module.main=loja loja/loja.Menu

Host: AMD Ryzen 5 3500U with Radeon Vega Mobile Gfx  , 8 cores, 5G,  Windows 11 , 64 bit Build 26100 (10.0.26100.3037)
Time: Thu Feb 20 16:10:43 2025 Hora oficial do Brasil elapsed time: 2.042111 seconds (0d 0h 0m 2s)

---------------  T H R E A D  ---------------

Current thread (0x000001fff20b31f0):  JavaThread "Unknown thread" [_thread_in_vm, id=2252, stack(0x000000e96e300000,0x000000e96e400000) (1024K)]

Stack: [0x000000e96e300000,0x000000e96e400000]
Native frames: (J=compiled Java code, j=interpreted, Vv=VM code, C=native code)
V  [jvm.dll+0x6e08b9]  (no source info available)
V  [jvm.dll+0x87dc83]  (no source info available)
V  [jvm.dll+0x88010e]  (no source info available)
V  [jvm.dll+0x8807e3]  (no source info available)
V  [jvm.dll+0x27aee6]  (no source info available)
V  [jvm.dll+0x6dd1c5]  (no source info available)
V  [jvm.dll+0x6d104a]  (no source info available)
V  [jvm.dll+0x35b3ea]  (no source info available)
V  [jvm.dll+0x3637f6]  (no source info available)
V  [jvm.dll+0x34fd5e]  (no source info available)
V  [jvm.dll+0x34fff8]  (no source info available)
V  [jvm.dll+0x3289cc]  (no source info available)
V  [jvm.dll+0x32966e]  (no source info available)
V  [jvm.dll+0x844355]  (no source info available)
V  [jvm.dll+0x3b9848]  (no source info available)
V  [jvm.dll+0x82d14c]  (no source info available)
V  [jvm.dll+0x454d4e]  (no source info available)
V  [jvm.dll+0x456bd1]  (no source info available)
C  [jli.dll+0x52a3]  (no source info available)
C  [ucrtbase.dll+0x37b0]  (no source info available)
C  [KERNEL32.DLL+0x2e8d7]  (no source info available)
C  [ntdll.dll+0xbbf2c]  (no source info available)

Lock stack of current Java thread (top to bottom):


---------------  P R O C E S S  ---------------

Threads class SMR info:
_java_thread_list=0x00007ffdb31a3618, length=0, elements={
}

Java Threads: ( => current thread )
Total: 0

Other Threads:
  0x000001fff4500dd0 WorkerThread "GC Thread#0"                     [id=7516, stack(0x000000e96e400000,0x000000e96e500000) (1024K)]
  0x000001fff4511f40 ConcurrentGCThread "G1 Main Marker"            [id=18156, stack(0x000000e96e500000,0x000000e96e600000) (1024K)]
  0x000001fff4512960 WorkerThread "G1 Conc#0"                       [id=13008, stack(0x000000e96e600000,0x000000e96e700000) (1024K)]

[error occurred during error reporting (printing all threads), id 0xc0000005, EXCEPTION_ACCESS_VIOLATION (0xc0000005) at pc=0x00007ffdb28ebfba]
VM state: not at safepoint (not fully initialized)

VM Mutex/Monitor currently owned by a thread:  ([mutex/lock_event])
[0x00007ffdb3223a10] Heap_lock - owner thread: 0x000001fff20b31f0

Heap address: 0x00000000a1e00000, size: 1506 MB, Compressed Oops mode: 32-bit

CDS archive(s) mapped at: [0x0000000000000000-0x0000000000000000-0x0000000000000000), size 0, SharedBaseAddress: 0x0000000800000000, ArchiveRelocationMode: 1.
Narrow klass base: 0x0000000000000000, Narrow klass shift: 0, Narrow klass range: 0x0

GC Precious Log:
 CardTable entry size: 512
 Card Set container configuration: InlinePtr #cards 5 size 8 Array Of Cards #cards 10 size 36 Howl #buckets 4 coarsen threshold 1843 Howl Bitmap #cards 512 size 80 coarsen threshold 460 Card regions per heap region 1 cards per card region 2048

Heap:
 garbage-first heap   total reserved 1542144K, committed 0K, used 0K [0x00000000a1e00000, 0x0000000100000000)
  region size 1024K, 0 young (0K), 0 survivors (0K)

[error occurred during error reporting (printing heap information), id 0xc0000005, EXCEPTION_ACCESS_VIOLATION (0xc0000005) at pc=0x00007ffdb2cec3c9]
GC Heap History (0 events):
No events

Dll operation events (1 events):
Event: 0.012 Loaded shared library C:\Program Files\Java\jdk-23\bin\java.dll

Deoptimization events (0 events):
No events

Classes loaded (0 events):
No events

Classes unloaded (0 events):
No events

Classes redefined (0 events):
No events

Internal exceptions (0 events):
No events

VM Operations (0 events):
No events

Memory protections (0 events):
No events

Nmethod flushes (0 events):
No events

Events (0 events):
No events


Dynamic libraries:
0x00007ff647d40000 - 0x00007ff647d50000 	C:\Program Files\Java\jdk-23\bin\javaw.exe
0x00007ffe20ec0000 - 0x00007ffe21123000 	C:\WINDOWS\SYSTEM32\ntdll.dll
0x00007ffe1f6f0000 - 0x00007ffe1f7b7000 	C:\WINDOWS\System32\KERNEL32.DLL
0x00007ffe1e260000 - 0x00007ffe1e627000 	C:\WINDOWS\System32\KERNELBASE.dll
0x00007ffe1e9a0000 - 0x00007ffe1eaec000 	C:\WINDOWS\System32\ucrtbase.dll
0x00007ffe153b0000 - 0x00007ffe153cb000 	C:\Program Files\Java\jdk-23\bin\VCRUNTIME140.dll
0x00007ffe16c20000 - 0x00007ffe16c37000 	C:\Program Files\Java\jdk-23\bin\jli.dll
0x00007ffe1f500000 - 0x00007ffe1f6c9000 	C:\WINDOWS\System32\USER32.dll
0x00007ffe0e460000 - 0x00007ffe0e6f0000 	C:\WINDOWS\WinSxS\amd64_microsoft.windows.common-controls_6595b64144ccf1df_6.0.26100.3037_none_3e09262ce333c378\COMCTL32.dll
0x00007ffe20d50000 - 0x00007ffe20df9000 	C:\WINDOWS\System32\msvcrt.dll
0x00007ffe1ec20000 - 0x00007ffe1ec47000 	C:\WINDOWS\System32\win32u.dll
0x00007ffe20c10000 - 0x00007ffe20c3a000 	C:\WINDOWS\System32\GDI32.dll
0x00007ffe1eaf0000 - 0x00007ffe1ec1b000 	C:\WINDOWS\System32\gdi32full.dll
0x00007ffe1ec50000 - 0x00007ffe1ecf3000 	C:\WINDOWS\System32\msvcp_win.dll
0x00007ffe1efb0000 - 0x00007ffe1efdf000 	C:\WINDOWS\System32\IMM32.DLL
0x00007ffe15390000 - 0x00007ffe1539c000 	C:\Program Files\Java\jdk-23\bin\vcruntime140_1.dll
0x00007ffe030c0000 - 0x00007ffe0314e000 	C:\Program Files\Java\jdk-23\bin\msvcp140.dll
0x00007ffdb25b0000 - 0x00007ffdb32ff000 	C:\Program Files\Java\jdk-23\bin\server\jvm.dll
0x00007ffe20c40000 - 0x00007ffe20cf4000 	C:\WINDOWS\System32\ADVAPI32.dll
0x00007ffe1f7d0000 - 0x00007ffe1f876000 	C:\WINDOWS\System32\sechost.dll
0x00007ffe205e0000 - 0x00007ffe206f6000 	C:\WINDOWS\System32\RPCRT4.dll
0x00007ffe1f480000 - 0x00007ffe1f4f4000 	C:\WINDOWS\System32\WS2_32.dll
0x00007ffe1e0f0000 - 0x00007ffe1e13e000 	C:\WINDOWS\SYSTEM32\POWRPROF.dll
0x00007ffe14ad0000 - 0x00007ffe14adb000 	C:\WINDOWS\SYSTEM32\VERSION.dll
0x00007ffe108b0000 - 0x00007ffe108e6000 	C:\WINDOWS\SYSTEM32\WINMM.dll
0x00007ffe1e0d0000 - 0x00007ffe1e0e4000 	C:\WINDOWS\SYSTEM32\UMPDC.dll
0x00007ffe1d090000 - 0x00007ffe1d0aa000 	C:\WINDOWS\SYSTEM32\kernel.appcore.dll
0x00007ffe132f0000 - 0x00007ffe132fa000 	C:\Program Files\Java\jdk-23\bin\jimage.dll
0x00007ffe1bd20000 - 0x00007ffe1bf61000 	C:\WINDOWS\SYSTEM32\DBGHELP.DLL
0x00007ffe207a0000 - 0x00007ffe20b1e000 	C:\WINDOWS\System32\combase.dll
0x00007ffe20b30000 - 0x00007ffe20c06000 	C:\WINDOWS\System32\OLEAUT32.dll
0x00007ffe0de50000 - 0x00007ffe0de89000 	C:\WINDOWS\SYSTEM32\dbgcore.DLL
0x00007ffe1e840000 - 0x00007ffe1e8d9000 	C:\WINDOWS\System32\bcryptPrimitives.dll
0x00007ffe13270000 - 0x00007ffe1328e000 	C:\Program Files\Java\jdk-23\bin\java.dll
0x00007ffe201e0000 - 0x00007ffe20375000 	C:\WINDOWS\System32\ole32.dll
0x00007ffe1f890000 - 0x00007ffe1ff94000 	C:\WINDOWS\System32\SHELL32.dll

dbghelp: loaded successfully - version: 4.0.5 - missing functions: none
symbol engine: initialized successfully - sym options: 0x614 - pdb path: .;C:\Program Files\Java\jdk-23\bin;C:\WINDOWS\SYSTEM32;C:\WINDOWS\WinSxS\amd64_microsoft.windows.common-controls_6595b64144ccf1df_6.0.26100.3037_none_3e09262ce333c378;C:\Program Files\Java\jdk-23\bin\server

VM Arguments:
jvm_args: -Dfile.encoding=UTF-8 -Dstdout.encoding=UTF-8 -Dstderr.encoding=UTF-8 --module-path=C:\Users\fernanda\Documents\workspace-spring-tool-suite-4-4.27.0.RELEASE\loja\bin -XX:+ShowCodeDetailsInExceptionMessages -Djdk.module.main=loja 
java_command: loja/loja.Menu
java_class_path (initial): <not set>
Launcher Type: SUN_STANDARD

[Global flags]
     intx CICompilerCount                          = 4                                         {product} {ergonomic}
     uint ConcGCThreads                            = 2                                         {product} {ergonomic}
     uint G1ConcRefinementThreads                  = 8                                         {product} {ergonomic}
   size_t G1HeapRegionSize                         = 1048576                                   {product} {ergonomic}
   size_t InitialHeapSize                          = 100663296                                 {product} {ergonomic}
   size_t MarkStackSize                            = 4194304                                   {product} {ergonomic}
   size_t MarkStackSizeMax                         = 536870912                                 {product} {ergonomic}
   size_t MaxHeapSize                              = 1579155456                                {product} {ergonomic}
   size_t MinHeapDeltaBytes                        = 1048576                                   {product} {ergonomic}
   size_t MinHeapSize                              = 8388608                                   {product} {ergonomic}
    uintx NonNMethodCodeHeapSize                   = 5832704                                {pd product} {ergonomic}
    uintx NonProfiledCodeHeapSize                  = 122945536                              {pd product} {ergonomic}
    uintx ProfiledCodeHeapSize                     = 122880000                              {pd product} {ergonomic}
    uintx ReservedCodeCacheSize                    = 251658240                              {pd product} {ergonomic}
     bool SegmentedCodeCache                       = true                                      {product} {ergonomic}
     bool ShowCodeDetailsInExceptionMessages       = true                                   {manageable} {command line}
   size_t SoftMaxHeapSize                          = 1579155456                             {manageable} {ergonomic}
     bool UseCompressedOops                        = true                           {product lp64_product} {ergonomic}
     bool UseG1GC                                  = true                                      {product} {ergonomic}
     bool UseLargePagesIndividualAllocation        = false                                  {pd product} {ergonomic}

Logging:
Log output configuration:
 #0: stdout all=warning uptime,level,tags foldmultilines=false
 #1: stderr all=off uptime,level,tags foldmultilines=false

Environment Variables:
JAVA_HOME=C:\Program Files\Java\jdk-23_windows-x64_bin\jdk-23.0.1
PATH=C:/Users/fernanda/Downloads/spring-tool-suite-4-4.27.0.RELEASE-e4.34.0-win32.win32.x86_64/sts-4.27.0.RELEASE//plugins/org.eclipse.justj.openjdk.hotspot.jre.full.win32.x86_64_21.0.5.v20241023-1957/jre/bin/server;C:/Users/fernanda/Downloads/spring-tool-suite-4-4.27.0.RELEASE-e4.34.0-win32.win32.x86_64/sts-4.27.0.RELEASE//plugins/org.eclipse.justj.openjdk.hotspot.jre.full.win32.x86_64_21.0.5.v20241023-1957/jre/bin;C:\Program Files\Common Files\Oracle\Java\javapath;C:\Program Files\Java\jdk-23_windows-x64_bin\jdk-23.0.1\bin;C:\Program Files\Java\jdk-23.0.1\bin;C:\WINDOWS\system32;C:\WINDOWS;C:\WINDOWS\System32\Wbem;C:\WINDOWS\System32\WindowsPowerShell\v1.0\;C:\WINDOWS\System32\OpenSSH\;C:\Program Files\Java\jdk-17.0.3.1;C:\Program Files\nodejs\;C:\Program Files\Git\cmd;C:\ProgramData\UNIVALI\Portugol Studio;C:\Users\fernanda\AppData\Local\Microsoft\WindowsApps;C:\Users\fernanda\AppData\Local\Programs\Microsoft VS Code\bin;C:\Users\fernanda\AppData\Roaming\npm;C:\Program Files\Java\jdk-23\bin;;C:\Users\fernanda\Downloads\spring-tool-suite-4-4.27.0.RELEASE-e4.34.0-win32.win32.x86_64\sts-4.27.0.RELEASE;
USERNAME=fernanda
OS=Windows_NT
PROCESSOR_IDENTIFIER=AMD64 Family 23 Model 24 Stepping 1, AuthenticAMD
TMP=C:\Users\fernanda\AppData\Local\Temp
TEMP=C:\Users\fernanda\AppData\Local\Temp




Periodic native trim disabled

---------------  S Y S T E M  ---------------

OS:
 Windows 11 , 64 bit Build 26100 (10.0.26100.3037)
OS uptime: 7 days 13:38 hours

CPU: total 8 (initial active 8) (8 cores per cpu, 2 threads per core) family 23 model 24 stepping 1 microcode 0x8108102, cx8, cmov, fxsr, ht, mmx, 3dnowpref, sse, sse2, sse3, ssse3, sse4a, sse4.1, sse4.2, popcnt, lzcnt, tsc, tscinvbit, avx, avx2, aes, clmul, bmi1, bmi2, adx, sha, fma, vzeroupper, clflush, clflushopt, rdtscp, f16c
Processor Information for the first 8 processors :
  Max Mhz: 2100, Current Mhz: 2100, Mhz Limit: 2100

Memory: 4k page, system-wide physical 6020M (631M free)
TotalPageFile size 24452M (AvailPageFile size 74M)
current process WorkingSet (physical memory assigned to process): 13M, peak: 13M
current process commit charge ("private bytes"): 60M, peak: 156M

vm_info: Java HotSpot(TM) 64-Bit Server VM (23.0.1+11-39) for windows-amd64 JRE (23.0.1+11-39), built on 2024-09-30T07:20:43Z with MS VC++ 17.6 (VS2022)

END.
